<?xml version="1.0" encoding="UTF-8"?>
<testsuite xmlns:xsi="http://www.w3.org/2001/XMLSchema-instance" xsi:noNamespaceSchemaLocation="https://maven.apache.org/surefire/maven-surefire-plugin/xsd/surefire-test-report-3.0.xsd" version="3.0" name="com.bowling.BowlingGameTest" time="0.091" tests="10" errors="0" skipped="0" failures="0">
  <properties>
    <property name="java.specification.version" value="22"/>
    <property name="sun.jnu.encoding" value="UTF-8"/>
    <property name="java.class.path" value="/Users/zeynalzeynalov/Projects/bowling-game/target/test-classes:/Users/zeynalzeynalov/Projects/bowling-game/target/classes:/Users/zeynalzeynalov/.m2/repository/junit/junit/4.12/junit-4.12.jar:/Users/zeynalzeynalov/.m2/repository/org/hamcrest/hamcrest-core/1.3/hamcrest-core-1.3.jar:"/>
    <property name="java.vm.vendor" value="Homebrew"/>
    <property name="sun.arch.data.model" value="64"/>
    <property name="java.vendor.url" value="https://github.com/Homebrew/homebrew-core/issues"/>
    <property name="os.name" value="Mac OS X"/>
    <property name="java.vm.specification.version" value="22"/>
    <property name="sun.java.launcher" value="SUN_STANDARD"/>
    <property name="user.country" value="DE"/>
    <property name="sun.boot.library.path" value="/opt/homebrew/Cellar/openjdk/22.0.1/libexec/openjdk.jdk/Contents/Home/lib"/>
    <property name="sun.java.command" value="/Users/zeynalzeynalov/Projects/bowling-game/target/surefire/surefirebooter-20240714015324972_3.jar /Users/zeynalzeynalov/Projects/bowling-game/target/surefire 2024-07-14T01-53-24_910-jvmRun1 surefire-20240714015324972_1tmp surefire_0-20240714015324972_2tmp"/>
    <property name="http.nonProxyHosts" value="local|*.local|169.254/16|*.169.254/16"/>
    <property name="jdk.debug" value="release"/>
    <property name="surefire.test.class.path" value="/Users/zeynalzeynalov/Projects/bowling-game/target/test-classes:/Users/zeynalzeynalov/Projects/bowling-game/target/classes:/Users/zeynalzeynalov/.m2/repository/junit/junit/4.12/junit-4.12.jar:/Users/zeynalzeynalov/.m2/repository/org/hamcrest/hamcrest-core/1.3/hamcrest-core-1.3.jar:"/>
    <property name="sun.cpu.endian" value="little"/>
    <property name="user.home" value="/Users/zeynalzeynalov"/>
    <property name="user.language" value="en"/>
    <property name="java.specification.vendor" value="Oracle Corporation"/>
    <property name="java.version.date" value="2024-04-16"/>
    <property name="java.home" value="/opt/homebrew/Cellar/openjdk/22.0.1/libexec/openjdk.jdk/Contents/Home"/>
    <property name="file.separator" value="/"/>
    <property name="basedir" value="/Users/zeynalzeynalov/Projects/bowling-game"/>
    <property name="java.vm.compressedOopsMode" value="Zero based"/>
    <property name="line.separator" value="&#10;"/>
    <property name="java.vm.specification.vendor" value="Oracle Corporation"/>
    <property name="java.specification.name" value="Java Platform API Specification"/>
    <property name="apple.awt.application.name" value="ForkedBooter"/>
    <property name="surefire.real.class.path" value="/Users/zeynalzeynalov/Projects/bowling-game/target/surefire/surefirebooter-20240714015324972_3.jar"/>
    <property name="sun.management.compiler" value="HotSpot 64-Bit Tiered Compilers"/>
    <property name="ftp.nonProxyHosts" value="local|*.local|169.254/16|*.169.254/16"/>
    <property name="java.runtime.version" value="22.0.1"/>
    <property name="user.name" value="zeynalzeynalov"/>
    <property name="stdout.encoding" value="UTF-8"/>
    <property name="path.separator" value=":"/>
    <property name="os.version" value="14.5"/>
    <property name="java.runtime.name" value="OpenJDK Runtime Environment"/>
    <property name="file.encoding" value="UTF-8"/>
    <property name="java.vm.name" value="OpenJDK 64-Bit Server VM"/>
    <property name="java.vendor.version" value="Homebrew"/>
    <property name="localRepository" value="/Users/zeynalzeynalov/.m2/repository"/>
    <property name="java.vendor.url.bug" value="https://github.com/Homebrew/homebrew-core/issues"/>
    <property name="java.io.tmpdir" value="/var/folders/7l/2g7n7k8n5qz3wh4ld11r_mpw0000gn/T/"/>
    <property name="java.version" value="22.0.1"/>
    <property name="user.dir" value="/Users/zeynalzeynalov/Projects/bowling-game"/>
    <property name="os.arch" value="aarch64"/>
    <property name="java.vm.specification.name" value="Java Virtual Machine Specification"/>
    <property name="native.encoding" value="UTF-8"/>
    <property name="java.library.path" value="/Users/zeynalzeynalov/Library/Java/Extensions:/Library/Java/Extensions:/Network/Library/Java/Extensions:/System/Library/Java/Extensions:/usr/lib/java:."/>
    <property name="java.vm.info" value="mixed mode, sharing"/>
    <property name="stderr.encoding" value="UTF-8"/>
    <property name="java.vendor" value="Homebrew"/>
    <property name="java.vm.version" value="22.0.1"/>
    <property name="sun.io.unicode.encoding" value="UnicodeBig"/>
    <property name="socksNonProxyHosts" value="local|*.local|169.254/16|*.169.254/16"/>
    <property name="java.class.version" value="66.0"/>
  </properties>
  <testcase name="allBallsMissedLastTwoTenPins" classname="com.bowling.BowlingGameTest" time="0.037">
    <system-out><![CDATA[[ Welcome to bowling alley: "Test" ]
[ Bowling game started at lane: "All Balls Missed Last Two Ten Pins" ]
[ Bowling game at lane: "All Balls Missed Last Two Ten Pins" ]
[ Player "Test" | Final score:  20 | Board: [ 0,0 =  0 |  0,0 =  0 |  0,0 =  0 |  0,0 =  0 |  0,0 =  0 |  0,0 =  0 |  0,0 =  0 |  0,0 =  0 |  0,0 =  0 |  0,10,10 = 20 ] ]

]]></system-out>
  </testcase>
  <testcase name="scoreWillBeOneHundredThirtyThree" classname="com.bowling.BowlingGameTest" time="0.0">
    <system-out><![CDATA[[ Welcome to bowling alley: "Test" ]
[ Bowling game started at lane: "Score Will Be One Hundred Thirty Three" ]
[ Bowling game at lane: "Score Will Be One Hundred Thirty Three" ]
[ Player "Test" | Final score: 133 | Board: [ 1,4 =  5 |  4,5 =  9 |  6,4 = 15 |  5,5 = 20 |   10 = 11 |  0,1 =  1 |  7,3 = 16 |  6,4 = 20 |   10 = 20 |    2,8,6 = 16 ] ]

]]></system-out>
  </testcase>
  <testcase name="allBallsKnockedTwoPins" classname="com.bowling.BowlingGameTest" time="0.002">
    <system-out><![CDATA[[ Welcome to bowling alley: "Test" ]
[ Bowling game started at lane: "All Balls Knocked Two Pins" ]
[ Bowling game at lane: "All Balls Knocked Two Pins" ]
[ Player "Test" | Final score:  40 | Board: [ 2,2 =  4 |  2,2 =  4 |  2,2 =  4 |  2,2 =  4 |  2,2 =  4 |  2,2 =  4 |  2,2 =  4 |  2,2 =  4 |  2,2 =  4 |      2,2 =  4 ] ]

]]></system-out>
  </testcase>
  <testcase name="allBallsMissed" classname="com.bowling.BowlingGameTest" time="0.001">
    <system-out><![CDATA[[ Welcome to bowling alley: "Test" ]
[ Bowling game started at lane: "All Balls Missed" ]
[ Bowling game at lane: "All Balls Missed" ]
[ Player "Test" | Final score:   0 | Board: [ 0,0 =  0 |  0,0 =  0 |  0,0 =  0 |  0,0 =  0 |  0,0 =  0 |  0,0 =  0 |  0,0 =  0 |  0,0 =  0 |  0,0 =  0 |      0,0 =  0 ] ]

]]></system-out>
  </testcase>
  <testcase name="startingScoreIsZero" classname="com.bowling.BowlingGameTest" time="0.001">
    <system-out><![CDATA[[ Welcome to bowling alley: "Test" ]
[ Bowling game started at lane: "No Score" ]
[ Bowling game at lane: "No Score" ]
[ Player "Test" | Final score:   0 | Board: [     =  0 |      =  0 |      =  0 |      =  0 |      =  0 |      =  0 |      =  0 |      =  0 |      =  0 |          =  0 ] ]

]]></system-out>
  </testcase>
  <testcase name="allFirstBallsKnockedOneSecondMissed" classname="com.bowling.BowlingGameTest" time="0.001">
    <system-out><![CDATA[[ Welcome to bowling alley: "Test" ]
[ Bowling game started at lane: "All First Balls Knocked One Second Missed" ]
[ Bowling game at lane: "All First Balls Knocked One Second Missed" ]
[ Player "Test" | Final score:  10 | Board: [ 1,0 =  1 |  1,0 =  1 |  1,0 =  1 |  1,0 =  1 |  1,0 =  1 |  1,0 =  1 |  1,0 =  1 |  1,0 =  1 |  1,0 =  1 |      1,0 =  1 ] ]

]]></system-out>
  </testcase>
  <testcase name="allBallsKnockedSpareAndLastStrike" classname="com.bowling.BowlingGameTest" time="0.0">
    <system-out><![CDATA[[ Welcome to bowling alley: "Test" ]
[ Bowling game started at lane: "All Balls Knocked Spare And Last Strike" ]
[ Bowling game at lane: "All Balls Knocked Spare And Last Strike" ]
[ Player "Test" | Final score: 155 | Board: [ 5,5 = 15 |  5,5 = 15 |  5,5 = 15 |  5,5 = 15 |  5,5 = 15 |  5,5 = 15 |  5,5 = 15 |  5,5 = 15 |  5,5 = 15 |   5,5,10 = 20 ] ]

]]></system-out>
  </testcase>
  <testcase name="allBallsKnockedOnePin" classname="com.bowling.BowlingGameTest" time="0.001">
    <system-out><![CDATA[[ Welcome to bowling alley: "Test" ]
[ Bowling game started at lane: "All Balls Knocked One Pin" ]
[ Bowling game at lane: "All Balls Knocked One Pin" ]
[ Player "Test" | Final score:  20 | Board: [ 1,1 =  2 |  1,1 =  2 |  1,1 =  2 |  1,1 =  2 |  1,1 =  2 |  1,1 =  2 |  1,1 =  2 |  1,1 =  2 |  1,1 =  2 |      1,1 =  2 ] ]

]]></system-out>
  </testcase>
  <testcase name="allBallsKnockedSpareAndLastMiss" classname="com.bowling.BowlingGameTest" time="0.001">
    <system-out><![CDATA[[ Welcome to bowling alley: "Test" ]
[ Bowling game started at lane: "All Balls Knocked Spare And Last Miss" ]
[ Bowling game at lane: "All Balls Knocked Spare And Last Miss" ]
[ Player "Test" | Final score: 145 | Board: [ 5,5 = 15 |  5,5 = 15 |  5,5 = 15 |  5,5 = 15 |  5,5 = 15 |  5,5 = 15 |  5,5 = 15 |  5,5 = 15 |  5,5 = 15 |    5,5,0 = 10 ] ]

]]></system-out>
  </testcase>
  <testcase name="allBallsKnockedStrike" classname="com.bowling.BowlingGameTest" time="0.0">
    <system-out><![CDATA[[ Welcome to bowling alley: "Test" ]
[ Bowling game started at lane: "All Balls Knocked Strike" ]
[ Bowling game at lane: "All Balls Knocked Strike" ]
[ Player "Test" | Final score: 300 | Board: [  10 = 30 |   10 = 30 |   10 = 30 |   10 = 30 |   10 = 30 |   10 = 30 |   10 = 30 |   10 = 30 |   10 = 30 | 10,10,10 = 30 ] ]

]]></system-out>
  </testcase>
</testsuite>